<?xml version="1.0" encoding="UTF-8"?>
<!-- Generated by org.testng.reporters.JUnitReportReporter -->
<testsuite hostname="DESKTOP-IKL7DTL" failures="0" tests="1" name="testCases.FirstTC" time="87.442" errors="0" timestamp="12 Apr 2020 16:26:03 GMT" skipped="0">
  <testcase classname="testCases.FirstTC" name="TestCase_1" time="87.442"/>
</testsuite> <!-- testCases.FirstTC -->
